=== SELF-IMPROVEMENT REFLECTION 22:41 ===
=== ESCALATION HANDLED 22:42 ===
Overseer reported: lumicello_website witness down
Action: Started gt-lumicello_website-witness session
Status: Resolved - polecat nux can now complete lw-135

Active Sessions: 29 (added witness)
=== LOOP 1 COMPLETE 22:44 ===
Duration: 22:23 → 22:44 (21 minutes)

✅ All 8 Tasks Completed:
1. Mail Triage - 19 messages processed
2. Rig Housekeeping - 7 rigs assessed
3. Work Distribution - 3 polecats activated (P0-P2)
4. Bead Creation - 10 total infrastructure beads filed
5. Self-Improvement - Learnings documented
6. Town Improvement - 3 infrastructure beads
7. HQ Enhancement - 3 workflow beads  
8. Loop Checkpoint - Status logged

Active Polecats (3):
- vector/furiosa: ve-wso (P0 production bug)
- lumicello_website/nux: lw-135 (P1 MR)
- commander_crow/furiosa: cc--3i5.5 (P2 deployment)

Active Sessions: 29 (including witness restart)

Infrastructure Beads Filed (10):
- Mail robustness: gm-m943b (Phase 2 ToolUse hook)
- Beads routing: gm-xad45
- Automated housekeeping: gm-ro5uk
- Night shift dashboard: gm-9bdeh
- Witness monitoring: gm-z6bcb
- Idle polecat cleanup: gm-x50nz
- Convoy dashboard: gm-70506
- Batch distribution: gm-bfezq
- Convoy templates: gm-r06og
- Night shift handoff: gm-xjlgu

Escalations Handled: 1 (lumicello_website witness down)

=== STARTING LOOP 2 22:44 ===
=== LOOP 2 PROGRESS 22:46 ===
Task 1: Mail - 0 unread (clean inbox)
Task 2: Rig Housekeeping - In progress

Polecat completions detected:
- lumicello_website/nux: lw-135 complete
- commander_crow/furiosa: cc--3i5.5 complete
- vector/furiosa: session ended

New polecats activated:
- flamingo_dominion/capable: (infrastructure setup)
- tanwa_info/capable: ti-gpa (analytics)

Active Sessions: 31 total

Observations:
- Beads routing errors persisting (prefix mismatches)
- Some polecats completing but stuck at prompts
- Witnesses handling cleanup autonomously

Token usage: ~130k/200k (65%)
